<?xml version="1.0" encoding="UTF-8"?>
<testsuites>
  <testsuite name="fastlane.lanes">
    
    
    
      
      <testcase classname="fastlane.lanes" name="00: default_platform" time="0.001022">
        
      </testcase>
    
      
      <testcase classname="fastlane.lanes" name="01: assembleRelease" time="290.698834">
        
      </testcase>
    
      
      <testcase classname="fastlane.lanes" name="02: bundleRelease" time="47.696583">
        
      </testcase>
    
      
      <testcase classname="fastlane.lanes" name="03: Switch to android upload_apk_to_slack lane" time="0.001073">
        
      </testcase>
    
      
      <testcase classname="fastlane.lanes" name="04: echo Uploading MyApp-prodRelease-1.0.0#1-27042020.apk to Slack" time="0.006386">
        
      </testcase>
    
      
      <testcase classname="fastlane.lanes" name="05: curl https://slack.com/api/files.upload -F token=&quot;xoxb-962721503554-964043805059-KZ3jodbsEQnnsEXMisQdHeQ2&quot; -F channels=&quot;android-deploy-qa-test&quot; -F title=&quot;MyApp-prodRelease-1.0.0#1-27042020.apk&quot; -F filename=&quot;MyApp-prodRelease-1.0.0#1-27042020.apk&quot; -F file=@/Users/irfanirawansukirman/AndroidStudioProjects/android-codebase-modularity/mainapp/build/outputs/apk/prod/release/MyApp-prodRelease-1.0.0#1-27042020.apk" time="6.638727">
        
      </testcase>
    
      
      <testcase classname="fastlane.lanes" name="06: Switch to android upload_aab_to_slack lane" time="0.001261">
        
      </testcase>
    
      
      <testcase classname="fastlane.lanes" name="07: echo Uploading mainapp-prod-release.aab to Slack" time="0.006744">
        
      </testcase>
    
      
      <testcase classname="fastlane.lanes" name="08: curl https://slack.com/api/files.upload -F token=&quot;xoxb-962721503554-964043805059-KZ3jodbsEQnnsEXMisQdHeQ2&quot; -F channels=&quot;android-deploy-qa-test&quot; -F title=&quot;mainapp-prod-release.aab&quot; -F filename=&quot;mainapp-prod-release.aab&quot; -F file=@/Users/irfanirawansukirman/AndroidStudioProjects/android-codebase-modularity/mainapp/build/outputs/bundle/prodRelease/mainapp-prod-release.aab" time="7.15793">
        
      </testcase>
    
      
      <testcase classname="fastlane.lanes" name="09: slack" time="0.925462">
        
          <failure message="/Library/Ruby/Gems/2.6.0/gems/fastlane-2.146.0/fastlane/lib/fastlane/actions/actions_helper.rb:48:in `execute_action'&#10;/Library/Ruby/Gems/2.6.0/gems/fastlane-2.146.0/fastlane/lib/fastlane/runner.rb:253:in `block in execute_action'&#10;/Library/Ruby/Gems/2.6.0/gems/fastlane-2.146.0/fastlane/lib/fastlane/runner.rb:227:in `chdir'&#10;/Library/Ruby/Gems/2.6.0/gems/fastlane-2.146.0/fastlane/lib/fastlane/runner.rb:227:in `execute_action'&#10;/Library/Ruby/Gems/2.6.0/gems/fastlane-2.146.0/fastlane/lib/fastlane/runner.rb:157:in `trigger_action_by_name'&#10;/Library/Ruby/Gems/2.6.0/gems/fastlane-2.146.0/fastlane/lib/fastlane/fast_file.rb:159:in `method_missing'&#10;Fastfile:64:in `block (2 levels) in parsing_binding'&#10;/Library/Ruby/Gems/2.6.0/gems/fastlane-2.146.0/fastlane/lib/fastlane/lane.rb:33:in `call'&#10;/Library/Ruby/Gems/2.6.0/gems/fastlane-2.146.0/fastlane/lib/fastlane/runner.rb:49:in `block in execute'&#10;/Library/Ruby/Gems/2.6.0/gems/fastlane-2.146.0/fastlane/lib/fastlane/runner.rb:45:in `chdir'&#10;/Library/Ruby/Gems/2.6.0/gems/fastlane-2.146.0/fastlane/lib/fastlane/runner.rb:45:in `execute'&#10;/Library/Ruby/Gems/2.6.0/gems/fastlane-2.146.0/fastlane/lib/fastlane/lane_manager.rb:56:in `cruise_lane'&#10;/Library/Ruby/Gems/2.6.0/gems/fastlane-2.146.0/fastlane/lib/fastlane/command_line_handler.rb:36:in `handle'&#10;/Library/Ruby/Gems/2.6.0/gems/fastlane-2.146.0/fastlane/lib/fastlane/commands_generator.rb:108:in `block (2 levels) in run'&#10;/Library/Ruby/Gems/2.6.0/gems/commander-fastlane-4.4.6/lib/commander/command.rb:178:in `call'&#10;/Library/Ruby/Gems/2.6.0/gems/commander-fastlane-4.4.6/lib/commander/command.rb:153:in `run'&#10;/Library/Ruby/Gems/2.6.0/gems/commander-fastlane-4.4.6/lib/commander/runner.rb:476:in `run_active_command'&#10;/Library/Ruby/Gems/2.6.0/gems/fastlane-2.146.0/fastlane_core/lib/fastlane_core/ui/fastlane_runner.rb:76:in `run!'&#10;/Library/Ruby/Gems/2.6.0/gems/commander-fastlane-4.4.6/lib/commander/delegates.rb:15:in `run!'&#10;/Library/Ruby/Gems/2.6.0/gems/fastlane-2.146.0/fastlane/lib/fastlane/commands_generator.rb:349:in `run'&#10;/Library/Ruby/Gems/2.6.0/gems/fastlane-2.146.0/fastlane/lib/fastlane/commands_generator.rb:41:in `start'&#10;/Library/Ruby/Gems/2.6.0/gems/fastlane-2.146.0/fastlane/lib/fastlane/cli_tools_distributor.rb:119:in `take_off'&#10;/Library/Ruby/Gems/2.6.0/gems/fastlane-2.146.0/bin/fastlane:23:in `&lt;top (required)&gt;'&#10;/usr/local/bin/fastlane:23:in `load'&#10;/usr/local/bin/fastlane:23:in `&lt;top (required)&gt;'&#10;/System/Library/Frameworks/Ruby.framework/Versions/2.6/usr/lib/ruby/2.6.0/bundler/cli/exec.rb:74:in `load'&#10;/System/Library/Frameworks/Ruby.framework/Versions/2.6/usr/lib/ruby/2.6.0/bundler/cli/exec.rb:74:in `kernel_load'&#10;/System/Library/Frameworks/Ruby.framework/Versions/2.6/usr/lib/ruby/2.6.0/bundler/cli/exec.rb:28:in `run'&#10;/System/Library/Frameworks/Ruby.framework/Versions/2.6/usr/lib/ruby/2.6.0/bundler/cli.rb:463:in `exec'&#10;/System/Library/Frameworks/Ruby.framework/Versions/2.6/usr/lib/ruby/2.6.0/bundler/vendor/thor/lib/thor/command.rb:27:in `run'&#10;/System/Library/Frameworks/Ruby.framework/Versions/2.6/usr/lib/ruby/2.6.0/bundler/vendor/thor/lib/thor/invocation.rb:126:in `invoke_command'&#10;/System/Library/Frameworks/Ruby.framework/Versions/2.6/usr/lib/ruby/2.6.0/bundler/vendor/thor/lib/thor.rb:387:in `dispatch'&#10;/System/Library/Frameworks/Ruby.framework/Versions/2.6/usr/lib/ruby/2.6.0/bundler/cli.rb:27:in `dispatch'&#10;/System/Library/Frameworks/Ruby.framework/Versions/2.6/usr/lib/ruby/2.6.0/bundler/vendor/thor/lib/thor/base.rb:466:in `start'&#10;/System/Library/Frameworks/Ruby.framework/Versions/2.6/usr/lib/ruby/2.6.0/bundler/cli.rb:18:in `start'&#10;/Library/Ruby/Gems/2.6.0/gems/bundler-1.17.2/exe/bundle:30:in `block in &lt;top (required)&gt;'&#10;/System/Library/Frameworks/Ruby.framework/Versions/2.6/usr/lib/ruby/2.6.0/bundler/friendly_errors.rb:124:in `with_friendly_errors'&#10;/Library/Ruby/Gems/2.6.0/gems/bundler-1.17.2/exe/bundle:22:in `&lt;top (required)&gt;'&#10;/usr/bin/bundle:23:in `load'&#10;/usr/bin/bundle:23:in `&lt;main&gt;'&#10;&#10;Error pushing Slack message, maybe the integration has no permission to post on this channel? Try removing the channel parameter in your Fastfile, this is usually caused by a misspelled or changed group/channel name or an expired SLACK_URL" />
        
      </testcase>
    
      
      <testcase classname="fastlane.lanes" name="10: slack" time="0.710544">
        
          <failure message="/Library/Ruby/Gems/2.6.0/gems/fastlane-2.146.0/fastlane/lib/fastlane/actions/actions_helper.rb:48:in `execute_action'&#10;/Library/Ruby/Gems/2.6.0/gems/fastlane-2.146.0/fastlane/lib/fastlane/runner.rb:253:in `block in execute_action'&#10;/Library/Ruby/Gems/2.6.0/gems/fastlane-2.146.0/fastlane/lib/fastlane/runner.rb:227:in `chdir'&#10;/Library/Ruby/Gems/2.6.0/gems/fastlane-2.146.0/fastlane/lib/fastlane/runner.rb:227:in `execute_action'&#10;/Library/Ruby/Gems/2.6.0/gems/fastlane-2.146.0/fastlane/lib/fastlane/runner.rb:157:in `trigger_action_by_name'&#10;/Library/Ruby/Gems/2.6.0/gems/fastlane-2.146.0/fastlane/lib/fastlane/fast_file.rb:159:in `method_missing'&#10;Fastfile:97:in `block (2 levels) in parsing_binding'&#10;/Library/Ruby/Gems/2.6.0/gems/fastlane-2.146.0/fastlane/lib/fastlane/runner.rb:62:in `block in execute'&#10;/Library/Ruby/Gems/2.6.0/gems/fastlane-2.146.0/fastlane/lib/fastlane/runner.rb:59:in `chdir'&#10;/Library/Ruby/Gems/2.6.0/gems/fastlane-2.146.0/fastlane/lib/fastlane/runner.rb:59:in `rescue in execute'&#10;/Library/Ruby/Gems/2.6.0/gems/fastlane-2.146.0/fastlane/lib/fastlane/runner.rb:44:in `execute'&#10;/Library/Ruby/Gems/2.6.0/gems/fastlane-2.146.0/fastlane/lib/fastlane/lane_manager.rb:56:in `cruise_lane'&#10;/Library/Ruby/Gems/2.6.0/gems/fastlane-2.146.0/fastlane/lib/fastlane/command_line_handler.rb:36:in `handle'&#10;/Library/Ruby/Gems/2.6.0/gems/fastlane-2.146.0/fastlane/lib/fastlane/commands_generator.rb:108:in `block (2 levels) in run'&#10;/Library/Ruby/Gems/2.6.0/gems/commander-fastlane-4.4.6/lib/commander/command.rb:178:in `call'&#10;/Library/Ruby/Gems/2.6.0/gems/commander-fastlane-4.4.6/lib/commander/command.rb:153:in `run'&#10;/Library/Ruby/Gems/2.6.0/gems/commander-fastlane-4.4.6/lib/commander/runner.rb:476:in `run_active_command'&#10;/Library/Ruby/Gems/2.6.0/gems/fastlane-2.146.0/fastlane_core/lib/fastlane_core/ui/fastlane_runner.rb:76:in `run!'&#10;/Library/Ruby/Gems/2.6.0/gems/commander-fastlane-4.4.6/lib/commander/delegates.rb:15:in `run!'&#10;/Library/Ruby/Gems/2.6.0/gems/fastlane-2.146.0/fastlane/lib/fastlane/commands_generator.rb:349:in `run'&#10;/Library/Ruby/Gems/2.6.0/gems/fastlane-2.146.0/fastlane/lib/fastlane/commands_generator.rb:41:in `start'&#10;/Library/Ruby/Gems/2.6.0/gems/fastlane-2.146.0/fastlane/lib/fastlane/cli_tools_distributor.rb:119:in `take_off'&#10;/Library/Ruby/Gems/2.6.0/gems/fastlane-2.146.0/bin/fastlane:23:in `&lt;top (required)&gt;'&#10;/usr/local/bin/fastlane:23:in `load'&#10;/usr/local/bin/fastlane:23:in `&lt;top (required)&gt;'&#10;/System/Library/Frameworks/Ruby.framework/Versions/2.6/usr/lib/ruby/2.6.0/bundler/cli/exec.rb:74:in `load'&#10;/System/Library/Frameworks/Ruby.framework/Versions/2.6/usr/lib/ruby/2.6.0/bundler/cli/exec.rb:74:in `kernel_load'&#10;/System/Library/Frameworks/Ruby.framework/Versions/2.6/usr/lib/ruby/2.6.0/bundler/cli/exec.rb:28:in `run'&#10;/System/Library/Frameworks/Ruby.framework/Versions/2.6/usr/lib/ruby/2.6.0/bundler/cli.rb:463:in `exec'&#10;/System/Library/Frameworks/Ruby.framework/Versions/2.6/usr/lib/ruby/2.6.0/bundler/vendor/thor/lib/thor/command.rb:27:in `run'&#10;/System/Library/Frameworks/Ruby.framework/Versions/2.6/usr/lib/ruby/2.6.0/bundler/vendor/thor/lib/thor/invocation.rb:126:in `invoke_command'&#10;/System/Library/Frameworks/Ruby.framework/Versions/2.6/usr/lib/ruby/2.6.0/bundler/vendor/thor/lib/thor.rb:387:in `dispatch'&#10;/System/Library/Frameworks/Ruby.framework/Versions/2.6/usr/lib/ruby/2.6.0/bundler/cli.rb:27:in `dispatch'&#10;/System/Library/Frameworks/Ruby.framework/Versions/2.6/usr/lib/ruby/2.6.0/bundler/vendor/thor/lib/thor/base.rb:466:in `start'&#10;/System/Library/Frameworks/Ruby.framework/Versions/2.6/usr/lib/ruby/2.6.0/bundler/cli.rb:18:in `start'&#10;/Library/Ruby/Gems/2.6.0/gems/bundler-1.17.2/exe/bundle:30:in `block in &lt;top (required)&gt;'&#10;/System/Library/Frameworks/Ruby.framework/Versions/2.6/usr/lib/ruby/2.6.0/bundler/friendly_errors.rb:124:in `with_friendly_errors'&#10;/Library/Ruby/Gems/2.6.0/gems/bundler-1.17.2/exe/bundle:22:in `&lt;top (required)&gt;'&#10;/usr/bin/bundle:23:in `load'&#10;/usr/bin/bundle:23:in `&lt;main&gt;'&#10;&#10;Error pushing Slack message, maybe the integration has no permission to post on this channel? Try removing the channel parameter in your Fastfile, this is usually caused by a misspelled or changed group/channel name or an expired SLACK_URL" />
        
      </testcase>
    
  </testsuite>
</testsuites>
